\BOOKMARK [1][-]{section.1}{\376\377\127\372\147\054\145\271\172\013}{}% 1
\BOOKMARK [2][-]{subsection.1.1}{\376\377\145\313\217\154\127\120\150\007\174\373\166\204\220\037\136\246\124\214\122\240\220\037\136\246}{section.1}% 2
\BOOKMARK [3][-]{subsubsection.1.1.1}{\376\377\145\313\217\154\127\120\150\007\174\373\124\214\140\357\140\047\127\120\150\007\174\373\116\055\166\204\220\037\136\246}{subsection.1.1}% 3
\BOOKMARK [3][-]{subsubsection.1.1.2}{\376\377\145\313\217\154\127\120\150\007\174\373\124\214\140\357\140\047\127\120\150\007\174\373\116\055\166\204\122\240\220\037\136\246}{subsection.1.1}% 4
\BOOKMARK [2][-]{subsection.1.2}{\376\377\117\134\165\050\127\050\155\167\154\064\137\256\126\342\116\012\166\204\131\026\122\233\000\040\217\320\122\250\145\271\172\013\166\204\124\021\221\317\137\142\137\017}{section.1}% 5
\BOOKMARK [2][-]{subsection.1.3}{\376\377\217\320\122\250\145\271\172\013\127\050\164\003\127\120\150\007\174\373\166\204\150\007\221\317\137\142\137\017}{section.1}% 6
\BOOKMARK [2][-]{subsection.1.4}{\376\377\166\364\211\322\127\120\150\007\174\373\166\204\217\320\122\250\145\271\172\013}{section.1}% 7
\BOOKMARK [2][-]{subsection.1.5}{\376\377\155\167\154\064\134\102\155\101\217\320\122\250\166\204\127\372\147\054\145\271\172\013\176\304}{section.1}% 8
\BOOKMARK [3][-]{subsubsection.1.5.1}{\376\377\217\336\176\355\145\271\172\013}{subsection.1.5}% 9
\BOOKMARK [3][-]{subsubsection.1.5.2}{\376\377\166\320\221\317\142\151\145\143\145\271\172\013}{subsection.1.5}% 10
\BOOKMARK [3][-]{subsubsection.1.5.3}{\376\377\160\355\117\040\133\374\145\271\172\013}{subsection.1.5}% 11
\BOOKMARK [3][-]{subsubsection.1.5.4}{\376\377\160\355\201\250\200\300\145\271\172\013\000-\162\266\140\001\145\271\172\013}{subsection.1.5}% 12
\BOOKMARK [2][-]{subsection.1.6}{\376\377\127\372\147\054\145\271\172\013\166\204\167\342\221\317\137\142\137\017\124\214\150\007\221\317\137\142\137\017}{section.1}% 13
\BOOKMARK [2][-]{subsection.1.7}{\376\377\217\271\165\114\147\141\116\366}{section.1}% 14
\BOOKMARK [2][-]{subsection.1.8}{\376\377\000\040\145\366\145\366\225\364\136\163\127\107\166\204\127\372\147\054\145\271\172\013\000\050\166\364\211\322\127\120\150\007\174\373\000\051}{section.1}% 15
\BOOKMARK [2][-]{subsection.1.9}{\376\377\224\305\166\364\124\021\136\163\127\107\166\204\127\372\147\054\145\271\172\013}{section.1}% 16
\BOOKMARK [2][-]{subsection.1.10}{\376\377\134\072\136\246\122\006\147\220}{section.1}% 17
\BOOKMARK [1][-]{section.2}{\376\377\155\167\155\101}{}% 18
\BOOKMARK [2][-]{subsection.2.1}{\376\377\127\060\217\154\155\101}{section.2}% 19
\BOOKMARK [3][-]{subsubsection.2.1.1}{\376\377\150\257\136\246\155\101}{subsection.2.1}% 20
\BOOKMARK [3][-]{subsubsection.2.1.2}{\376\377\120\076\145\234\155\101}{subsection.2.1}% 21
\BOOKMARK [2][-]{subsection.2.2}{\376\377\000E\000k\000m\000a\000n\157\002\155\101}{section.2}% 22
\BOOKMARK [3][-]{subsubsection.2.2.1}{\376\377\145\340\226\120\155\361\155\167\157\002\155\101}{subsection.2.2}% 23
\BOOKMARK [3][-]{subsubsection.2.2.2}{\376\377\147\011\226\120\155\361\155\167\157\002\155\101}{subsection.2.2}% 24
\BOOKMARK [3][-]{subsubsection.2.2.3}{\376\377\157\002\155\101\122\006\171\273}{subsection.2.2}% 25
\BOOKMARK [3][-]{subsubsection.2.2.4}{\376\377\123\107\226\115\155\101}{subsection.2.2}% 26
\BOOKMARK [2][-]{subsection.2.3}{\376\377\227\136\133\232\136\070\217\320\122\250}{section.2}% 27
\BOOKMARK [3][-]{subsubsection.2.3.1}{\376\377\157\002\155\101\166\204\123\321\134\125}{subsection.2.3}% 28
\BOOKMARK [3][-]{subsubsection.2.3.2}{\376\377\140\357\140\047\155\101}{subsection.2.3}% 29
\BOOKMARK [2][-]{subsection.2.4}{\376\377\230\316\165\037\131\047\155\013\163\257\155\101}{section.2}% 30
\BOOKMARK [3][-]{subsubsection.2.4.1}{\376\377\000S\000v\000e\000r\000d\000r\000u\000p\164\006\213\272}{subsection.2.4}% 31
\BOOKMARK [3][-]{subsubsection.2.4.2}{\376\377\000S\000t\000o\000m\000m\000e\000l\164\006\213\272}{subsection.2.4}% 32
\BOOKMARK [3][-]{subsubsection.2.4.3}{\376\377\140\357\140\047\164\006\213\272}{subsection.2.4}% 33
\BOOKMARK [3][-]{subsubsection.2.4.4}{\376\377\000M\000u\000n\000k\164\006\213\272}{subsection.2.4}% 34
\BOOKMARK [1][-]{section.3}{\376\377\155\167\155\152}{}% 35
\BOOKMARK [2][-]{subsection.3.1}{\376\377\176\277\140\047\154\342\122\250\164\006\213\272}{section.3}% 36
\BOOKMARK [3][-]{subsubsection.3.1.1}{\376\377\145\340\145\313\217\320\122\250\166\204\127\372\147\054\145\271\172\013}{subsection.3.1}% 37
\BOOKMARK [3][-]{subsubsection.3.1.2}{\376\377\176\277\140\047\154\342\122\250}{subsection.3.1}% 38
\BOOKMARK [3][-]{subsubsection.3.1.3}{\376\377\154\064\155\361\133\371\176\277\140\047\154\342\122\250\166\204\137\161\124\315}{subsection.3.1}% 39
\BOOKMARK [3][-]{subsubsection.3.1.4}{\376\377\176\277\140\047\154\342\122\250\166\204\200\375\221\317}{subsection.3.1}% 40
\BOOKMARK [2][-]{subsection.3.2}{\376\377\176\277\140\047\154\342\122\250\166\204\124\010\142\020}{section.3}% 41
\BOOKMARK [2][-]{subsection.3.3}{\376\377\154\342\122\250\166\204\142\230\134\004\124\214\176\325\134\004}{section.3}% 42
\BOOKMARK [2][-]{subsection.3.4}{\376\377\147\011\226\120\143\057\136\105\154\342\122\250\000\050\116\015\211\201\154\102\143\214\143\341\000\051}{section.3}% 43
\BOOKMARK [3][-]{subsubsection.3.4.1}{\376\377\000S\000t\000o\000k\000e\000s\154\342}{subsection.3.4}% 44
\BOOKMARK [3][-]{subsubsection.3.4.2}{\376\377\154\342\155\152\170\064\170\216}{subsection.3.4}% 45
\BOOKMARK [2][-]{subsection.3.5}{\376\377\155\167\155\152\166\204\176\337\213\241\140\047\215\050}{section.3}% 46
\BOOKMARK [3][-]{subsubsection.3.5.1}{\376\377\226\217\147\072\155\167\155\152\217\307\172\013\166\204\127\372\147\054\176\337\213\241\162\171\140\047}{subsection.3.5}% 47
\BOOKMARK [3][-]{subsubsection.3.5.2}{\376\377\154\342\227\142\060\001\154\342\232\330\060\001\124\150\147\037\124\214\154\342\225\177\166\204\122\006\136\003}{subsection.3.5}% 48
\BOOKMARK [2][-]{subsection.3.6}{\376\377\155\167\155\152\214\061}{section.3}% 49
\BOOKMARK [3][-]{subsubsection.3.6.1}{\376\377\200\375\214\061}{subsection.3.6}% 50
\BOOKMARK [3][-]{subsubsection.3.6.2}{\376\377\145\271\124\021\214\061}{subsection.3.6}% 51
\BOOKMARK [1][-]{section.4}{\376\377\157\156\154\342}{}% 52
\BOOKMARK [2][-]{subsection.4.1}{\376\377\136\163\210\141\157\156\164\006\213\272}{section.4}% 53
\BOOKMARK [3][-]{subsubsection.4.1.1}{\376\377\127\372\147\054\120\107\213\276}{subsection.4.1}% 54
\BOOKMARK [3][-]{subsubsection.4.1.2}{\376\377\131\051\117\123\137\025\157\156\122\233\166\204\116\073\211\201\220\350\122\006}{subsection.4.1}% 55
\BOOKMARK [3][-]{subsubsection.4.1.3}{\376\377\136\163\210\141\157\156\157\156\232\330}{subsection.4.1}% 56
\BOOKMARK [3][-]{subsubsection.4.1.4}{\376\377\136\163\210\141\157\156\166\204\122\006\157\156}{subsection.4.1}% 57
\BOOKMARK [3][-]{subsubsection.4.1.5}{\376\377\136\163\210\141\157\156\164\006\213\272\166\204\116\073\211\201\176\323\213\272}{subsection.4.1}% 58
\BOOKMARK [3][-]{subsubsection.4.1.6}{\376\377\136\163\210\141\157\156\164\006\213\272\166\204\215\041\163\056}{subsection.4.1}% 59
\BOOKMARK [3][-]{subsubsection.4.1.7}{\376\377\136\163\210\141\157\156\164\006\213\272\166\204\177\072\226\167}{subsection.4.1}% 60
\BOOKMARK [2][-]{subsection.4.2}{\376\377\200\003\206\121\127\060\164\003\137\142\162\266\166\204\157\156\154\342}{section.4}% 61
\BOOKMARK [3][-]{subsubsection.4.2.1}{\376\377\121\150\164\003\154\064\127\337\116\055\166\204\157\156\154\342\000\050\000L\000a\000p\000l\000a\000c\000e\164\006\213\272\000\051}{subsection.4.2}% 62
\BOOKMARK [3][-]{subsubsection.4.2.2}{\376\377\147\011\165\114\154\064\127\337\116\055\166\204\157\156\154\342\000\050\000A\000i\000r\000y\154\237\156\040\164\006\213\272\000\051}{subsection.4.2}% 63
\BOOKMARK [2][-]{subsection.4.3}{\376\377\173\111\155\361\136\177\226\024\154\064\127\337\116\055\166\204\157\156\154\342}{section.4}% 64
\BOOKMARK [3][-]{subsubsection.4.3.1}{\376\377\136\163\227\142\000S\000v\000e\000r\000d\000r\000u\000p\154\342}{subsection.4.3}% 65
\BOOKMARK [3][-]{subsubsection.4.3.2}{\376\377\000P\000o\000i\000n\000c\000a\000r\000e\154\342}{subsection.4.3}% 66
\BOOKMARK [3][-]{subsubsection.4.3.3}{\376\377\000K\000e\000l\000v\000i\000n\154\342}{subsection.4.3}% 67
\BOOKMARK [2][-]{subsection.4.4}{\376\377\167\351\137\142\155\167\156\176\116\055\166\204\157\156\154\342}{section.4}% 68
\BOOKMARK [3][-]{subsubsection.4.4.1}{\376\377\133\275\136\246\217\203\172\204\167\351\137\142\155\167\156\176\116\055\166\204\157\156\154\342}{subsection.4.4}% 69
\BOOKMARK [3][-]{subsubsection.4.4.2}{\376\377\133\275\136\246\217\203\131\047\166\204\167\351\137\142\155\167\156\176\116\055\166\204\157\156\154\342}{subsection.4.4}% 70
\BOOKMARK [2][-]{subsection.4.5}{\376\377\123\330\142\052\227\142\155\167\156\176\116\055\166\204\157\156\154\342}{section.4}% 71
\BOOKMARK [2][-]{subsection.4.6}{\376\377\140\073\176\323}{section.4}% 72
